<?xml version="1.0" encoding="UTF-8"?>
<!-- Generated by org.testng.reporters.JUnitReportReporter -->
<testsuite skipped="0" hostname="Jaspreet" name="com.eShipperV1.testCases.SaveQuoteTestCase" tests="1" failures="0" timestamp="2022-02-24T20:44:23 EST" time="24.218" errors="0">
  <testcase name="saveQuote" time="24.218" classname="com.eShipperV1.testCases.SaveQuoteTestCase"/>
  <system-out/>
</testsuite> <!-- com.eShipperV1.testCases.SaveQuoteTestCase -->
