<?xml version="1.0" encoding="UTF-8"?>
<!-- Generated by org.testng.reporters.JUnitReportReporter -->
<testsuite skipped="0" hostname="Jaspreet" name="com.eShipperV1.testCases.LoginTestCase" tests="1" failures="0" timestamp="2022-02-21T15:04:47 EST" time="5.574" errors="0">
  <testcase name="loginTest" time="5.574" classname="com.eShipperV1.testCases.LoginTestCase"/>
  <system-out/>
</testsuite> <!-- com.eShipperV1.testCases.LoginTestCase -->
